<?xml version="1.0" encoding="UTF-8"?>
<testng-results ignored="0" total="1" passed="1" failed="0" skipped="0">
  <reporter-output>
  </reporter-output>
  <suite started-at="2025-04-26T09:33:03 IST" name="Default suite" finished-at="2025-04-26T09:33:05 IST" duration-ms="2253">
    <groups>
    </groups>
    <test started-at="2025-04-26T09:33:03 IST" name="Default test" finished-at="2025-04-26T09:33:05 IST" duration-ms="2253">
      <class name="practice.JdbcPractice">
        <test-method signature="executeQueryJDBC()[pri:0, instance:practice.JdbcPractice@4567f35d]" started-at="2025-04-26T09:33:03 IST" name="executeQueryJDBC" finished-at="2025-04-26T09:33:05 IST" duration-ms="2141" status="PASS">
          <reporter-output>
          </reporter-output>
        </test-method> <!-- executeQueryJDBC -->
      </class> <!-- practice.JdbcPractice -->
    </test> <!-- Default test -->
  </suite> <!-- Default suite -->
</testng-results>
